# JRE version: OpenJDK Runtime Environment (8.0_242-b01) (build 1.8.0_242-release-1644-b01)
# Java VM: OpenJDK 64-Bit Server VM (25.242-b01 mixed mode windows-amd64 compressed oops)
Heap:
 PSYoungGen      total 632320K, used 235915K [0x00000000d5580000, 0x0000000100000000, 0x0000000100000000)
  eden space 598528K, 35% used [0x00000000d5580000,0x00000000e2722ed0,0x00000000f9e00000)
  from space 33792K, 62% used [0x00000000fce80000,0x00000000fe33ff70,0x00000000fef80000)
  to   space 49664K, 0% used [0x00000000f9e00000,0x00000000f9e00000,0x00000000fce80000)
 ParOldGen       total 200704K, used 145010K [0x0000000080000000, 0x000000008c400000, 0x00000000d5580000)
  object space 200704K, 72% used [0x0000000080000000,0x0000000088d9c808,0x000000008c400000)
 Metaspace       used 96761K, capacity 102614K, committed 102824K, reserved 1138688K
  class space    used 12319K, capacity 13376K, committed 13488K, reserved 1048576K
GC Heap History (10 events):
Event: 4469.523 GC heap before
{Heap before GC invocations=22 (full 4):
 PSYoungGen      total 638976K, used 596172K [0x00000000d5580000, 0x0000000100000000, 0x0000000100000000)
  eden space 587776K, 100% used [0x00000000d5580000,0x00000000f9380000,0x00000000f9380000)
  from space 51200K, 16% used [0x00000000f9380000,0x00000000f9bb30b8,0x00000000fc580000)
  to   space 50176K, 0% used [0x00000000fcf00000,0x00000000fcf00000,0x0000000100000000)
 ParOldGen       total 200704K, used 139198K [0x0000000080000000, 0x000000008c400000, 0x00000000d5580000)
  object space 200704K, 69% used [0x0000000080000000,0x00000000887efb80,0x000000008c400000)
 Metaspace       used 95329K, capacity 101110K, committed 101160K, reserved 1136640K
  class space    used 12273K, capacity 13320K, committed 13360K, reserved 1048576K
Event: 4470.004 GC heap after
Heap after GC invocations=22 (full 4):
 PSYoungGen      total 642560K, used 12576K [0x00000000d5580000, 0x00000000ffb00000, 0x0000000100000000)
  eden space 597504K, 0% used [0x00000000d5580000,0x00000000d5580000,0x00000000f9d00000)
  from space 45056K, 27% used [0x00000000fcf00000,0x00000000fdb48158,0x00000000ffb00000)
  to   space 48128K, 0% used [0x00000000f9d00000,0x00000000f9d00000,0x00000000fcc00000)
 ParOldGen       total 200704K, used 139206K [0x0000000080000000, 0x000000008c400000, 0x00000000d5580000)
  object space 200704K, 69% used [0x0000000080000000,0x00000000887f1b80,0x000000008c400000)
 Metaspace       used 95329K, capacity 101110K, committed 101160K, reserved 1136640K
  class space    used 12273K, capacity 13320K, committed 13360K, reserved 1048576K
}
Event: 4959.454 GC heap before
{Heap before GC invocations=23 (full 4):
 PSYoungGen      total 642560K, used 610080K [0x00000000d5580000, 0x00000000ffb00000, 0x0000000100000000)
  eden space 597504K, 100% used [0x00000000d5580000,0x00000000f9d00000,0x00000000f9d00000)
  from space 45056K, 27% used [0x00000000fcf00000,0x00000000fdb48158,0x00000000ffb00000)
  to   space 48128K, 0% used [0x00000000f9d00000,0x00000000f9d00000,0x00000000fcc00000)
 ParOldGen       total 200704K, used 139206K [0x0000000080000000, 0x000000008c400000, 0x00000000d5580000)
  object space 200704K, 69% used [0x0000000080000000,0x00000000887f1b80,0x000000008c400000)
 Metaspace       used 95968K, capacity 101666K, committed 101928K, reserved 1138688K
  class space    used 12289K, capacity 13360K, committed 13360K, reserved 1048576K
Event: 4960.988 GC heap after
Heap after GC invocations=23 (full 4):
 PSYoungGen      total 645632K, used 11911K [0x00000000d5580000, 0x00000000fff00000, 0x0000000100000000)
  eden space 597504K, 0% used [0x00000000d5580000,0x00000000d5580000,0x00000000f9d00000)
  from space 48128K, 24% used [0x00000000f9d00000,0x00000000fa8a1ce8,0x00000000fcc00000)
  to   space 46080K, 0% used [0x00000000fd200000,0x00000000fd200000,0x00000000fff00000)
 ParOldGen       total 200704K, used 139214K [0x0000000080000000, 0x000000008c400000, 0x00000000d5580000)
  object space 200704K, 69% used [0x0000000080000000,0x00000000887f3b80,0x000000008c400000)
 Metaspace       used 95968K, capacity 101666K, committed 101928K, reserved 1138688K
  class space    used 12289K, capacity 13360K, committed 13360K, reserved 1048576K
}
Event: 5099.425 GC heap before
{Heap before GC invocations=24 (full 4):
 PSYoungGen      total 645632K, used 609415K [0x00000000d5580000, 0x00000000fff00000, 0x0000000100000000)
  eden space 597504K, 100% used [0x00000000d5580000,0x00000000f9d00000,0x00000000f9d00000)
  from space 48128K, 24% used [0x00000000f9d00000,0x00000000fa8a1ce8,0x00000000fcc00000)
  to   space 46080K, 0% used [0x00000000fd200000,0x00000000fd200000,0x00000000fff00000)
 ParOldGen       total 200704K, used 139214K [0x0000000080000000, 0x000000008c400000, 0x00000000d5580000)
  object space 200704K, 69% used [0x0000000080000000,0x00000000887f3b80,0x000000008c400000)
 Metaspace       used 96197K, capacity 101962K, committed 102312K, reserved 1138688K
  class space    used 12292K, capacity 13366K, committed 13488K, reserved 1048576K
Event: 5101.213 GC heap after
Heap after GC invocations=24 (full 4):
 PSYoungGen      total 644608K, used 17067K [0x00000000d5580000, 0x00000000ff900000, 0x0000000100000000)
  eden space 604672K, 0% used [0x00000000d5580000,0x00000000d5580000,0x00000000fa400000)
  from space 39936K, 42% used [0x00000000fd200000,0x00000000fe2aacd0,0x00000000ff900000)
  to   space 43520K, 0% used [0x00000000fa400000,0x00000000fa400000,0x00000000fce80000)
 ParOldGen       total 200704K, used 139222K [0x0000000080000000, 0x000000008c400000, 0x00000000d5580000)
  object space 200704K, 69% used [0x0000000080000000,0x00000000887f5b80,0x000000008c400000)
 Metaspace       used 96197K, capacity 101962K, committed 102312K, reserved 1138688K
  class space    used 12292K, capacity 13366K, committed 13488K, reserved 1048576K
}
Event: 14420.405 GC heap before
{Heap before GC invocations=25 (full 4):
 PSYoungGen      total 644608K, used 621739K [0x00000000d5580000, 0x00000000ff900000, 0x0000000100000000)
  eden space 604672K, 100% used [0x00000000d5580000,0x00000000fa400000,0x00000000fa400000)
  from space 39936K, 42% used [0x00000000fd200000,0x00000000fe2aacd0,0x00000000ff900000)
  to   space 43520K, 0% used [0x00000000fa400000,0x00000000fa400000,0x00000000fce80000)
 ParOldGen       total 200704K, used 139222K [0x0000000080000000, 0x000000008c400000, 0x00000000d5580000)
  object space 200704K, 69% used [0x0000000080000000,0x00000000887f5b80,0x000000008c400000)
 Metaspace       used 96421K, capacity 102186K, committed 102312K, reserved 1138688K
  class space    used 12296K, capacity 13370K, committed 13488K, reserved 1048576K
Event: 14421.645 GC heap after
Heap after GC invocations=25 (full 4):
 PSYoungGen      total 620032K, used 43496K [0x00000000d5580000, 0x00000000fef80000, 0x0000000100000000)
  eden space 576512K, 0% used [0x00000000d5580000,0x00000000d5580000,0x00000000f8880000)
  from space 43520K, 99% used [0x00000000fa400000,0x00000000fce7a238,0x00000000fce80000)
  to   space 33792K, 0% used [0x00000000fce80000,0x00000000fce80000,0x00000000fef80000)
 ParOldGen       total 200704K, used 144374K [0x0000000080000000, 0x000000008c400000, 0x00000000d5580000)
  object space 200704K, 71% used [0x0000000080000000,0x0000000088cfda78,0x000000008c400000)
 Metaspace       used 96421K, capacity 102186K, committed 102312K, reserved 1138688K
  class space    used 12296K, capacity 13370K, committed 13488K, reserved 1048576K
}
Event: 14438.719 GC heap before
{Heap before GC invocations=26 (full 4):
 PSYoungGen      total 620032K, used 620008K [0x00000000d5580000, 0x00000000fef80000, 0x0000000100000000)
  eden space 576512K, 100% used [0x00000000d5580000,0x00000000f8880000,0x00000000f8880000)
  from space 43520K, 99% used [0x00000000fa400000,0x00000000fce7a238,0x00000000fce80000)
  to   space 33792K, 0% used [0x00000000fce80000,0x00000000fce80000,0x00000000fef80000)
 ParOldGen       total 200704K, used 144374K [0x0000000080000000, 0x000000008c400000, 0x00000000d5580000)
  object space 200704K, 71% used [0x0000000080000000,0x0000000088cfda78,0x000000008c400000)
 Metaspace       used 96741K, capacity 102550K, committed 102824K, reserved 1138688K
  class space    used 12319K, capacity 13376K, committed 13488K, reserved 1048576K
Event: 14439.874 GC heap after
Heap after GC invocations=26 (full 4):
 PSYoungGen      total 632320K, used 21247K [0x00000000d5580000, 0x0000000100000000, 0x0000000100000000)
  eden space 598528K, 0% used [0x00000000d5580000,0x00000000d5580000,0x00000000f9e00000)
  from space 33792K, 62% used [0x00000000fce80000,0x00000000fe33ff70,0x00000000fef80000)
  to   space 49664K, 0% used [0x00000000f9e00000,0x00000000f9e00000,0x00000000fce80000)
 ParOldGen       total 200704K, used 145010K [0x0000000080000000, 0x000000008c400000, 0x00000000d5580000)
  object space 200704K, 72% used [0x0000000080000000,0x0000000088d9c808,0x000000008c400000)
 Metaspace       used 96741K, capacity 102550K, committed 102824K, reserved 1138688K
  class space    used 12319K, capacity 13376K, committed 13488K, reserved 1048576K
}

